<?xml version="1.0" encoding="UTF-8"?>
<Site BuildName="(empty)"
	BuildStamp="20250316-2032-Experimental"
	Name="(empty)"
	Generator="ctest-3.29.5-msvc4"
	CompilerName=""
	CompilerVersion=""
	OSName="Windows"
	Hostname="AcerSwift3"
	OSRelease=" Personal"
	OSVersion=" (Build 26100)"
	OSPlatform="AMD64"
	Is64Bits="1"
	VendorString="GenuineIntel"
	VendorID="Intel Corporation"
	FamilyID="6"
	ModelID="12"
	ProcessorCacheSize="-1"
	NumberOfLogicalCPU="8"
	NumberOfPhysicalCPU="4"
	TotalVirtualMemory="13107"
	TotalPhysicalMemory="7987"
	LogicalProcessorsPerPhysical="2"
	ProcessorClockFrequency="2419"
	>
	<Testing>
		<StartDateTime>Mar 16 21:32 [NON-UTF-8-BYTE-0x8C]rodkowoeuropejski czas stand.</StartDateTime>
		<StartTestTime>1742157141</StartTestTime>
		<TestList/>
		<EndDateTime>Mar 16 21:32 [NON-UTF-8-BYTE-0x8C]rodkowoeuropejski czas stand.</EndDateTime>
		<EndTestTime>1742157141</EndTestTime>
		<ElapsedMinutes>0</ElapsedMinutes>
	</Testing>
</Site>
